<?xml version="1.0" encoding="UTF-8"?>
<testsuite name="com.github.marcellokim.issuetracker.setup.RepositoryConventionsSmokeTest" tests="13" skipped="0" failures="0" errors="0" timestamp="2026-04-28T15:04:33.035Z" hostname="DESKTOP-35S3SV0" time="0.132">
  <properties/>
  <testcase name="[1] README.md" classname="com.github.marcellokim.issuetracker.setup.RepositoryConventionsSmokeTest" time="0.029"/>
  <testcase name="[2] .github/workflows/gradle.yml" classname="com.github.marcellokim.issuetracker.setup.RepositoryConventionsSmokeTest" time="0.001"/>
  <testcase name="[3] .github/workflows/pr-labeler.yml" classname="com.github.marcellokim.issuetracker.setup.RepositoryConventionsSmokeTest" time="0.001"/>
  <testcase name="[4] .github/workflows/add-to-project.yml" classname="com.github.marcellokim.issuetracker.setup.RepositoryConventionsSmokeTest" time="0.001"/>
  <testcase name="[5] config/github/labels.json" classname="com.github.marcellokim.issuetracker.setup.RepositoryConventionsSmokeTest" time="0.002"/>
  <testcase name="[6] config/github/milestones.json" classname="com.github.marcellokim.issuetracker.setup.RepositoryConventionsSmokeTest" time="0.001"/>
  <testcase name="[7] docs/team-setup-manual.md" classname="com.github.marcellokim.issuetracker.setup.RepositoryConventionsSmokeTest" time="0.004"/>
  <testcase name="[8] docs/automation-playbook.md" classname="com.github.marcellokim.issuetracker.setup.RepositoryConventionsSmokeTest" time="0.002"/>
  <testcase name="[9] docs/templates/submission-readme.txt.template" classname="com.github.marcellokim.issuetracker.setup.RepositoryConventionsSmokeTest" time="0.002"/>
  <testcase name="[10] scripts/bootstrap-dev.sh" classname="com.github.marcellokim.issuetracker.setup.RepositoryConventionsSmokeTest" time="0.009"/>
  <testcase name="[11] scripts/start-task.sh" classname="com.github.marcellokim.issuetracker.setup.RepositoryConventionsSmokeTest" time="0.001"/>
  <testcase name="[12] scripts/bootstrap.sh" classname="com.github.marcellokim.issuetracker.setup.RepositoryConventionsSmokeTest" time="0.0"/>
  <testcase name="[13] scripts/package-submission.sh" classname="com.github.marcellokim.issuetracker.setup.RepositoryConventionsSmokeTest" time="0.0"/>
  <system-out><![CDATA[]]></system-out>
  <system-err><![CDATA[]]></system-err>
</testsuite>
